<?xml version="1.0" encoding="UTF-8"?>
<testsuite xmlns:xsi="http://www.w3.org/2001/XMLSchema-instance" xsi:noNamespaceSchemaLocation="https://maven.apache.org/surefire/maven-surefire-plugin/xsd/surefire-test-report-3.0.xsd" version="3.0" name="Runner.CucumberRunner" time="3.507" tests="0" errors="0" skipped="0" failures="0">
  <properties>
    <property name="sun.desktop" value="windows"/>
    <property name="awt.toolkit" value="sun.awt.windows.WToolkit"/>
    <property name="file.encoding.pkg" value="sun.io"/>
    <property name="java.specification.version" value="1.8"/>
    <property name="sun.cpu.isalist" value="amd64"/>
    <property name="sun.jnu.encoding" value="Cp1252"/>
    <property name="java.class.path" value="C:\Dileep\EclipseWorkSpace\CucumberApiProject\target\test-classes;C:\Dileep\EclipseWorkSpace\CucumberApiProject\target\classes;C:\Users\dilee\.m2\repository\junit\junit\4.13\junit-4.13.jar;C:\Users\dilee\.m2\repository\org\hamcrest\hamcrest-core\1.3\hamcrest-core-1.3.jar;C:\Users\dilee\.m2\repository\io\cucumber\cucumber-java\5.7.0\cucumber-java-5.7.0.jar;C:\Users\dilee\.m2\repository\org\apiguardian\apiguardian-api\1.1.0\apiguardian-api-1.1.0.jar;C:\Users\dilee\.m2\repository\io\cucumber\cucumber-core\5.7.0\cucumber-core-5.7.0.jar;C:\Users\dilee\.m2\repository\io\cucumber\cucumber-gherkin\5.7.0\cucumber-gherkin-5.7.0.jar;C:\Users\dilee\.m2\repository\io\cucumber\cucumber-gherkin-vintage\5.7.0\cucumber-gherkin-vintage-5.7.0.jar;C:\Users\dilee\.m2\repository\io\cucumber\tag-expressions\2.0.4\tag-expressions-2.0.4.jar;C:\Users\dilee\.m2\repository\io\cucumber\datatable\3.3.1\datatable-3.3.1.jar;C:\Users\dilee\.m2\repository\io\cucumber\cucumber-plugin\5.7.0\cucumber-plugin-5.7.0.jar;C:\Users\dilee\.m2\repository\io\cucumber\docstring\5.7.0\docstring-5.7.0.jar;C:\Users\dilee\.m2\repository\io\cucumber\cucumber-junit\5.7.0\cucumber-junit-5.7.0.jar;C:\Users\dilee\.m2\repository\io\cucumber\cucumber-testng\5.7.0\cucumber-testng-5.7.0.jar;C:\Users\dilee\.m2\repository\org\testng\testng\7.1.0\testng-7.1.0.jar;C:\Users\dilee\.m2\repository\com\beust\jcommander\1.72\jcommander-1.72.jar;C:\Users\dilee\.m2\repository\com\google\inject\guice\4.1.0\guice-4.1.0-no_aop.jar;C:\Users\dilee\.m2\repository\javax\inject\javax.inject\1\javax.inject-1.jar;C:\Users\dilee\.m2\repository\aopalliance\aopalliance\1.0\aopalliance-1.0.jar;C:\Users\dilee\.m2\repository\com\google\guava\guava\19.0\guava-19.0.jar;C:\Users\dilee\.m2\repository\org\yaml\snakeyaml\1.21\snakeyaml-1.21.jar;C:\Users\dilee\.m2\repository\io\cucumber\cucumber-picocontainer\5.7.0\cucumber-picocontainer-5.7.0.jar;C:\Users\dilee\.m2\repository\org\picocontainer\picocontainer\2.15\picocontainer-2.15.jar;C:\Users\dilee\.m2\repository\io\cucumber\gherkin\13.0.0\gherkin-13.0.0.jar;C:\Users\dilee\.m2\repository\io\cucumber\messages\12.0.0\messages-12.0.0.jar;C:\Users\dilee\.m2\repository\io\cucumber\cucumber-expressions\10.1.0\cucumber-expressions-10.1.0.jar;C:\Users\dilee\.m2\repository\tech\grasshopper\extentreports-cucumber5-adapter\1.3.2\extentreports-cucumber5-adapter-1.3.2.jar;C:\Users\dilee\.m2\repository\com\aventstack\extentreports\4.1.5\extentreports-4.1.5.jar;C:\Users\dilee\.m2\repository\org\freemarker\freemarker\2.3.29\freemarker-2.3.29.jar;C:\Users\dilee\.m2\repository\com\google\code\gson\gson\2.8.6\gson-2.8.6.jar;C:\Users\dilee\.m2\repository\org\mongodb\bson\3.12.0\bson-3.12.0.jar;C:\Users\dilee\.m2\repository\org\mongodb\mongodb-driver\3.3.0\mongodb-driver-3.3.0.jar;C:\Users\dilee\.m2\repository\org\mongodb\mongodb-driver-core\3.3.0\mongodb-driver-core-3.3.0.jar;C:\Users\dilee\.m2\repository\io\rest-assured\rest-assured\4.3.3\rest-assured-4.3.3.jar;C:\Users\dilee\.m2\repository\org\codehaus\groovy\groovy\3.0.7\groovy-3.0.7.jar;C:\Users\dilee\.m2\repository\org\codehaus\groovy\groovy-xml\3.0.7\groovy-xml-3.0.7.jar;C:\Users\dilee\.m2\repository\org\apache\httpcomponents\httpclient\4.5.3\httpclient-4.5.3.jar;C:\Users\dilee\.m2\repository\org\apache\httpcomponents\httpcore\4.4.6\httpcore-4.4.6.jar;C:\Users\dilee\.m2\repository\commons-logging\commons-logging\1.2\commons-logging-1.2.jar;C:\Users\dilee\.m2\repository\commons-codec\commons-codec\1.9\commons-codec-1.9.jar;C:\Users\dilee\.m2\repository\org\apache\httpcomponents\httpmime\4.5.3\httpmime-4.5.3.jar;C:\Users\dilee\.m2\repository\org\hamcrest\hamcrest\2.1\hamcrest-2.1.jar;C:\Users\dilee\.m2\repository\org\ccil\cowan\tagsoup\tagsoup\1.2.1\tagsoup-1.2.1.jar;C:\Users\dilee\.m2\repository\io\rest-assured\json-path\4.3.3\json-path-4.3.3.jar;C:\Users\dilee\.m2\repository\org\codehaus\groovy\groovy-json\3.0.7\groovy-json-3.0.7.jar;C:\Users\dilee\.m2\repository\io\rest-assured\rest-assured-common\4.3.3\rest-assured-common-4.3.3.jar;C:\Users\dilee\.m2\repository\io\rest-assured\xml-path\4.3.3\xml-path-4.3.3.jar;C:\Users\dilee\.m2\repository\org\apache\commons\commons-lang3\3.11\commons-lang3-3.11.jar;C:\Users\dilee\.m2\repository\jakarta\xml\bind\jakarta.xml.bind-api\2.3.3\jakarta.xml.bind-api-2.3.3.jar;C:\Users\dilee\.m2\repository\jakarta\activation\jakarta.activation-api\1.2.2\jakarta.activation-api-1.2.2.jar;C:\Users\dilee\.m2\repository\com\sun\xml\bind\jaxb-impl\2.3.3\jaxb-impl-2.3.3.jar;"/>
    <property name="java.vm.vendor" value="Oracle Corporation"/>
    <property name="sun.arch.data.model" value="64"/>
    <property name="user.variant" value=""/>
    <property name="java.vendor.url" value="http://java.oracle.com/"/>
    <property name="user.timezone" value="Europe/London"/>
    <property name="java.vm.specification.version" value="1.8"/>
    <property name="os.name" value="Windows 11"/>
    <property name="user.country" value="US"/>
    <property name="sun.java.launcher" value="SUN_STANDARD"/>
    <property name="sun.boot.library.path" value="C:\Program Files\Java\jdk1.8.0_333\jre\bin"/>
    <property name="sun.java.command" value="C:\Users\dilee\AppData\Local\Temp\surefire173186002982115283\surefirebooter2888317220721539163.jar C:\Users\dilee\AppData\Local\Temp\surefire173186002982115283 2022-07-22T14-55-05_875-jvmRun1 surefire28398356708380079tmp surefire_04340420496355493624tmp"/>
    <property name="surefire.test.class.path" value="C:\Dileep\EclipseWorkSpace\CucumberApiProject\target\test-classes;C:\Dileep\EclipseWorkSpace\CucumberApiProject\target\classes;C:\Users\dilee\.m2\repository\junit\junit\4.13\junit-4.13.jar;C:\Users\dilee\.m2\repository\org\hamcrest\hamcrest-core\1.3\hamcrest-core-1.3.jar;C:\Users\dilee\.m2\repository\io\cucumber\cucumber-java\5.7.0\cucumber-java-5.7.0.jar;C:\Users\dilee\.m2\repository\org\apiguardian\apiguardian-api\1.1.0\apiguardian-api-1.1.0.jar;C:\Users\dilee\.m2\repository\io\cucumber\cucumber-core\5.7.0\cucumber-core-5.7.0.jar;C:\Users\dilee\.m2\repository\io\cucumber\cucumber-gherkin\5.7.0\cucumber-gherkin-5.7.0.jar;C:\Users\dilee\.m2\repository\io\cucumber\cucumber-gherkin-vintage\5.7.0\cucumber-gherkin-vintage-5.7.0.jar;C:\Users\dilee\.m2\repository\io\cucumber\tag-expressions\2.0.4\tag-expressions-2.0.4.jar;C:\Users\dilee\.m2\repository\io\cucumber\datatable\3.3.1\datatable-3.3.1.jar;C:\Users\dilee\.m2\repository\io\cucumber\cucumber-plugin\5.7.0\cucumber-plugin-5.7.0.jar;C:\Users\dilee\.m2\repository\io\cucumber\docstring\5.7.0\docstring-5.7.0.jar;C:\Users\dilee\.m2\repository\io\cucumber\cucumber-junit\5.7.0\cucumber-junit-5.7.0.jar;C:\Users\dilee\.m2\repository\io\cucumber\cucumber-testng\5.7.0\cucumber-testng-5.7.0.jar;C:\Users\dilee\.m2\repository\org\testng\testng\7.1.0\testng-7.1.0.jar;C:\Users\dilee\.m2\repository\com\beust\jcommander\1.72\jcommander-1.72.jar;C:\Users\dilee\.m2\repository\com\google\inject\guice\4.1.0\guice-4.1.0-no_aop.jar;C:\Users\dilee\.m2\repository\javax\inject\javax.inject\1\javax.inject-1.jar;C:\Users\dilee\.m2\repository\aopalliance\aopalliance\1.0\aopalliance-1.0.jar;C:\Users\dilee\.m2\repository\com\google\guava\guava\19.0\guava-19.0.jar;C:\Users\dilee\.m2\repository\org\yaml\snakeyaml\1.21\snakeyaml-1.21.jar;C:\Users\dilee\.m2\repository\io\cucumber\cucumber-picocontainer\5.7.0\cucumber-picocontainer-5.7.0.jar;C:\Users\dilee\.m2\repository\org\picocontainer\picocontainer\2.15\picocontainer-2.15.jar;C:\Users\dilee\.m2\repository\io\cucumber\gherkin\13.0.0\gherkin-13.0.0.jar;C:\Users\dilee\.m2\repository\io\cucumber\messages\12.0.0\messages-12.0.0.jar;C:\Users\dilee\.m2\repository\io\cucumber\cucumber-expressions\10.1.0\cucumber-expressions-10.1.0.jar;C:\Users\dilee\.m2\repository\tech\grasshopper\extentreports-cucumber5-adapter\1.3.2\extentreports-cucumber5-adapter-1.3.2.jar;C:\Users\dilee\.m2\repository\com\aventstack\extentreports\4.1.5\extentreports-4.1.5.jar;C:\Users\dilee\.m2\repository\org\freemarker\freemarker\2.3.29\freemarker-2.3.29.jar;C:\Users\dilee\.m2\repository\com\google\code\gson\gson\2.8.6\gson-2.8.6.jar;C:\Users\dilee\.m2\repository\org\mongodb\bson\3.12.0\bson-3.12.0.jar;C:\Users\dilee\.m2\repository\org\mongodb\mongodb-driver\3.3.0\mongodb-driver-3.3.0.jar;C:\Users\dilee\.m2\repository\org\mongodb\mongodb-driver-core\3.3.0\mongodb-driver-core-3.3.0.jar;C:\Users\dilee\.m2\repository\io\rest-assured\rest-assured\4.3.3\rest-assured-4.3.3.jar;C:\Users\dilee\.m2\repository\org\codehaus\groovy\groovy\3.0.7\groovy-3.0.7.jar;C:\Users\dilee\.m2\repository\org\codehaus\groovy\groovy-xml\3.0.7\groovy-xml-3.0.7.jar;C:\Users\dilee\.m2\repository\org\apache\httpcomponents\httpclient\4.5.3\httpclient-4.5.3.jar;C:\Users\dilee\.m2\repository\org\apache\httpcomponents\httpcore\4.4.6\httpcore-4.4.6.jar;C:\Users\dilee\.m2\repository\commons-logging\commons-logging\1.2\commons-logging-1.2.jar;C:\Users\dilee\.m2\repository\commons-codec\commons-codec\1.9\commons-codec-1.9.jar;C:\Users\dilee\.m2\repository\org\apache\httpcomponents\httpmime\4.5.3\httpmime-4.5.3.jar;C:\Users\dilee\.m2\repository\org\hamcrest\hamcrest\2.1\hamcrest-2.1.jar;C:\Users\dilee\.m2\repository\org\ccil\cowan\tagsoup\tagsoup\1.2.1\tagsoup-1.2.1.jar;C:\Users\dilee\.m2\repository\io\rest-assured\json-path\4.3.3\json-path-4.3.3.jar;C:\Users\dilee\.m2\repository\org\codehaus\groovy\groovy-json\3.0.7\groovy-json-3.0.7.jar;C:\Users\dilee\.m2\repository\io\rest-assured\rest-assured-common\4.3.3\rest-assured-common-4.3.3.jar;C:\Users\dilee\.m2\repository\io\rest-assured\xml-path\4.3.3\xml-path-4.3.3.jar;C:\Users\dilee\.m2\repository\org\apache\commons\commons-lang3\3.11\commons-lang3-3.11.jar;C:\Users\dilee\.m2\repository\jakarta\xml\bind\jakarta.xml.bind-api\2.3.3\jakarta.xml.bind-api-2.3.3.jar;C:\Users\dilee\.m2\repository\jakarta\activation\jakarta.activation-api\1.2.2\jakarta.activation-api-1.2.2.jar;C:\Users\dilee\.m2\repository\com\sun\xml\bind\jaxb-impl\2.3.3\jaxb-impl-2.3.3.jar;"/>
    <property name="sun.cpu.endian" value="little"/>
    <property name="user.home" value="C:\Users\dilee"/>
    <property name="user.language" value="en"/>
    <property name="java.specification.vendor" value="Oracle Corporation"/>
    <property name="java.home" value="C:\Program Files\Java\jdk1.8.0_333\jre"/>
    <property name="basedir" value="C:\Dileep\EclipseWorkSpace\CucumberApiProject"/>
    <property name="file.separator" value="\"/>
    <property name="line.separator" value="&#10;"/>
    <property name="java.vm.specification.vendor" value="Oracle Corporation"/>
    <property name="java.specification.name" value="Java Platform API Specification"/>
    <property name="java.awt.graphicsenv" value="sun.awt.Win32GraphicsEnvironment"/>
    <property name="surefire.real.class.path" value="C:\Users\dilee\AppData\Local\Temp\surefire173186002982115283\surefirebooter2888317220721539163.jar"/>
    <property name="sun.boot.class.path" value="C:\Program Files\Java\jdk1.8.0_333\jre\lib\resources.jar;C:\Program Files\Java\jdk1.8.0_333\jre\lib\rt.jar;C:\Program Files\Java\jdk1.8.0_333\jre\lib\sunrsasign.jar;C:\Program Files\Java\jdk1.8.0_333\jre\lib\jsse.jar;C:\Program Files\Java\jdk1.8.0_333\jre\lib\jce.jar;C:\Program Files\Java\jdk1.8.0_333\jre\lib\charsets.jar;C:\Program Files\Java\jdk1.8.0_333\jre\lib\jfr.jar;C:\Program Files\Java\jdk1.8.0_333\jre\classes"/>
    <property name="user.script" value=""/>
    <property name="sun.management.compiler" value="HotSpot 64-Bit Tiered Compilers"/>
    <property name="java.runtime.version" value="1.8.0_333-b02"/>
    <property name="user.name" value="dilee"/>
    <property name="path.separator" value=";"/>
    <property name="os.version" value="10.0"/>
    <property name="java.endorsed.dirs" value="C:\Program Files\Java\jdk1.8.0_333\jre\lib\endorsed"/>
    <property name="java.runtime.name" value="Java(TM) SE Runtime Environment"/>
    <property name="file.encoding" value="Cp1252"/>
    <property name="java.vm.name" value="Java HotSpot(TM) 64-Bit Server VM"/>
    <property name="localRepository" value="C:\Users\dilee\.m2\repository"/>
    <property name="java.vendor.url.bug" value="http://bugreport.sun.com/bugreport/"/>
    <property name="java.io.tmpdir" value="C:\Users\dilee\AppData\Local\Temp\"/>
    <property name="java.version" value="1.8.0_333"/>
    <property name="user.dir" value="C:\Dileep\EclipseWorkSpace\CucumberApiProject"/>
    <property name="os.arch" value="amd64"/>
    <property name="java.vm.specification.name" value="Java Virtual Machine Specification"/>
    <property name="java.awt.printerjob" value="sun.awt.windows.WPrinterJob"/>
    <property name="sun.os.patch.level" value=""/>
    <property name="java.library.path" value="C:\Program Files\Java\jdk1.8.0_333\jre\bin;C:\Windows\Sun\Java\bin;C:\Windows\system32;C:\Windows;C:/Softwares/eclipse-jee-2022-06-R-win32-x86_64//plugins/org.eclipse.justj.openjdk.hotspot.jre.full.win32.x86_64_17.0.3.v20220515-1416/jre/bin/server;C:/Softwares/eclipse-jee-2022-06-R-win32-x86_64//plugins/org.eclipse.justj.openjdk.hotspot.jre.full.win32.x86_64_17.0.3.v20220515-1416/jre/bin;C:\Program Files (x86)\Common Files\Oracle\Java\javapath;C:\Windows\system32;C:\Windows;C:\Windows\System32\Wbem;C:\Windows\System32\WindowsPowerShell\v1.0\;C:\Windows\System32\OpenSSH\;C:\Program Files\Git\cmd;C:\Program Files\MySQL\MySQL Shell 8.0\bin\;C:\Users\dilee\AppData\Local\Microsoft\WindowsApps;C:\Program Files\JetBrains\PyCharm 2021.3.2\bin;;C:\Users\dilee\AppData\Local\Programs\Microsoft VS Code\bin;C:\Program Files\heroku\bin;C:\Program Files\apache-maven-3.8.6\bin;C:\Program Files\Java\jdk1.8.0_333;C:\Users\dilee\AppData\Local\GitHubDesktop\bin;C:\Softwares\allure-commandline-2.14.0\allure-2.14.0\bin;;C:\Softwares\eclipse-jee-2022-06-R-win32-x86_64;;."/>
    <property name="java.vm.info" value="mixed mode"/>
    <property name="java.vendor" value="Oracle Corporation"/>
    <property name="java.vm.version" value="25.333-b02"/>
    <property name="java.ext.dirs" value="C:\Program Files\Java\jdk1.8.0_333\jre\lib\ext;C:\Windows\Sun\Java\lib\ext"/>
    <property name="sun.io.unicode.encoding" value="UnicodeLittle"/>
    <property name="java.class.version" value="52.0"/>
  </properties>
</testsuite>